ERROR 2022-04-21 18:07:22[http-nio-8081-exec-2] [LogUtils:8] - Error Message: null
ERROR 2022-04-21 18:07:22[http-nio-8081-exec-2] [LogUtils:11] - com.example.demo.service.MarketService.getMarketInfoWithRedisTemplate(MarketService.java:98)
ERROR 2022-04-21 18:07:22[http-nio-8081-exec-2] [LogUtils:11] - com.example.demo.controller.MarketController.getMarketInfoWithRedisTemplate(MarketController.java:37)
ERROR 2022-04-21 18:07:22[http-nio-8081-exec-2] [LogUtils:11] - java.base/jdk.internal.reflect.NativeMethodAccessorImpl.invoke0(Native Method)
ERROR 2022-04-21 18:07:22[http-nio-8081-exec-2] [LogUtils:11] - java.base/jdk.internal.reflect.NativeMethodAccessorImpl.invoke(NativeMethodAccessorImpl.java:62)
ERROR 2022-04-21 18:07:22[http-nio-8081-exec-2] [LogUtils:11] - java.base/jdk.internal.reflect.DelegatingMethodAccessorImpl.invoke(DelegatingMethodAccessorImpl.java:43)
ERROR 2022-04-21 18:07:22[http-nio-8081-exec-2] [LogUtils:11] - java.base/java.lang.reflect.Method.invoke(Method.java:567)
ERROR 2022-04-21 18:07:22[http-nio-8081-exec-2] [LogUtils:11] - org.springframework.web.method.support.InvocableHandlerMethod.doInvoke(InvocableHandlerMethod.java:205)
ERROR 2022-04-21 18:07:22[http-nio-8081-exec-2] [LogUtils:11] - org.springframework.web.method.support.InvocableHandlerMethod.invokeForRequest(InvocableHandlerMethod.java:150)
ERROR 2022-04-21 18:07:22[http-nio-8081-exec-2] [LogUtils:11] - org.springframework.web.servlet.mvc.method.annotation.ServletInvocableHandlerMethod.invokeAndHandle(ServletInvocableHandlerMethod.java:117)
ERROR 2022-04-21 18:07:22[http-nio-8081-exec-2] [LogUtils:11] - org.springframework.web.servlet.mvc.method.annotation.RequestMappingHandlerAdapter.invokeHandlerMethod(RequestMappingHandlerAdapter.java:895)
ERROR 2022-04-21 18:07:22[http-nio-8081-exec-2] [LogUtils:11] - org.springframework.web.servlet.mvc.method.annotation.RequestMappingHandlerAdapter.handleInternal(RequestMappingHandlerAdapter.java:808)
ERROR 2022-04-21 18:07:22[http-nio-8081-exec-2] [LogUtils:11] - org.springframework.web.servlet.mvc.method.AbstractHandlerMethodAdapter.handle(AbstractHandlerMethodAdapter.java:87)
ERROR 2022-04-21 18:07:22[http-nio-8081-exec-2] [LogUtils:11] - org.springframework.web.servlet.DispatcherServlet.doDispatch(DispatcherServlet.java:1067)
ERROR 2022-04-21 18:07:22[http-nio-8081-exec-2] [LogUtils:11] - org.springframework.web.servlet.DispatcherServlet.doService(DispatcherServlet.java:963)
ERROR 2022-04-21 18:07:22[http-nio-8081-exec-2] [LogUtils:11] - org.springframework.web.servlet.FrameworkServlet.processRequest(FrameworkServlet.java:1006)
ERROR 2022-04-21 18:07:22[http-nio-8081-exec-2] [LogUtils:11] - org.springframework.web.servlet.FrameworkServlet.doGet(FrameworkServlet.java:898)
ERROR 2022-04-21 18:07:22[http-nio-8081-exec-2] [LogUtils:11] - javax.servlet.http.HttpServlet.service(HttpServlet.java:655)
ERROR 2022-04-21 18:07:22[http-nio-8081-exec-2] [LogUtils:11] - org.springframework.web.servlet.FrameworkServlet.service(FrameworkServlet.java:883)
ERROR 2022-04-21 18:07:22[http-nio-8081-exec-2] [LogUtils:11] - javax.servlet.http.HttpServlet.service(HttpServlet.java:764)
ERROR 2022-04-21 18:07:22[http-nio-8081-exec-2] [LogUtils:11] - org.apache.catalina.core.ApplicationFilterChain.internalDoFilter(ApplicationFilterChain.java:227)
ERROR 2022-04-21 18:07:22[http-nio-8081-exec-2] [LogUtils:11] - org.apache.catalina.core.ApplicationFilterChain.doFilter(ApplicationFilterChain.java:162)
ERROR 2022-04-21 18:07:22[http-nio-8081-exec-2] [LogUtils:11] - org.apache.tomcat.websocket.server.WsFilter.doFilter(WsFilter.java:53)
ERROR 2022-04-21 18:07:22[http-nio-8081-exec-2] [LogUtils:11] - org.apache.catalina.core.ApplicationFilterChain.internalDoFilter(ApplicationFilterChain.java:189)
ERROR 2022-04-21 18:07:22[http-nio-8081-exec-2] [LogUtils:11] - org.apache.catalina.core.ApplicationFilterChain.doFilter(ApplicationFilterChain.java:162)
ERROR 2022-04-21 18:07:22[http-nio-8081-exec-2] [LogUtils:11] - org.springframework.web.filter.RequestContextFilter.doFilterInternal(RequestContextFilter.java:100)
ERROR 2022-04-21 18:07:22[http-nio-8081-exec-2] [LogUtils:11] - org.springframework.web.filter.OncePerRequestFilter.doFilter(OncePerRequestFilter.java:117)
ERROR 2022-04-21 18:07:22[http-nio-8081-exec-2] [LogUtils:11] - org.apache.catalina.core.ApplicationFilterChain.internalDoFilter(ApplicationFilterChain.java:189)
ERROR 2022-04-21 18:07:22[http-nio-8081-exec-2] [LogUtils:11] - org.apache.catalina.core.ApplicationFilterChain.doFilter(ApplicationFilterChain.java:162)
ERROR 2022-04-21 18:07:22[http-nio-8081-exec-2] [LogUtils:11] - org.springframework.web.filter.FormContentFilter.doFilterInternal(FormContentFilter.java:93)
ERROR 2022-04-21 18:07:22[http-nio-8081-exec-2] [LogUtils:11] - org.springframework.web.filter.OncePerRequestFilter.doFilter(OncePerRequestFilter.java:117)
ERROR 2022-04-21 18:07:22[http-nio-8081-exec-2] [LogUtils:11] - org.apache.catalina.core.ApplicationFilterChain.internalDoFilter(ApplicationFilterChain.java:189)
ERROR 2022-04-21 18:07:22[http-nio-8081-exec-2] [LogUtils:11] - org.apache.catalina.core.ApplicationFilterChain.doFilter(ApplicationFilterChain.java:162)
ERROR 2022-04-21 18:07:22[http-nio-8081-exec-2] [LogUtils:11] - org.springframework.web.filter.CharacterEncodingFilter.doFilterInternal(CharacterEncodingFilter.java:201)
ERROR 2022-04-21 18:07:22[http-nio-8081-exec-2] [LogUtils:11] - org.springframework.web.filter.OncePerRequestFilter.doFilter(OncePerRequestFilter.java:117)
ERROR 2022-04-21 18:07:22[http-nio-8081-exec-2] [LogUtils:11] - org.apache.catalina.core.ApplicationFilterChain.internalDoFilter(ApplicationFilterChain.java:189)
ERROR 2022-04-21 18:07:22[http-nio-8081-exec-2] [LogUtils:11] - org.apache.catalina.core.ApplicationFilterChain.doFilter(ApplicationFilterChain.java:162)
ERROR 2022-04-21 18:07:22[http-nio-8081-exec-2] [LogUtils:11] - org.apache.catalina.core.StandardWrapperValve.invoke(StandardWrapperValve.java:197)
ERROR 2022-04-21 18:07:22[http-nio-8081-exec-2] [LogUtils:11] - org.apache.catalina.core.StandardContextValve.invoke(StandardContextValve.java:97)
ERROR 2022-04-21 18:07:22[http-nio-8081-exec-2] [LogUtils:11] - org.apache.catalina.authenticator.AuthenticatorBase.invoke(AuthenticatorBase.java:541)
ERROR 2022-04-21 18:07:22[http-nio-8081-exec-2] [LogUtils:11] - org.apache.catalina.core.StandardHostValve.invoke(StandardHostValve.java:135)
ERROR 2022-04-21 18:07:22[http-nio-8081-exec-2] [LogUtils:11] - org.apache.catalina.valves.ErrorReportValve.invoke(ErrorReportValve.java:92)
ERROR 2022-04-21 18:07:22[http-nio-8081-exec-2] [LogUtils:11] - org.apache.catalina.core.StandardEngineValve.invoke(StandardEngineValve.java:78)
ERROR 2022-04-21 18:07:22[http-nio-8081-exec-2] [LogUtils:11] - org.apache.catalina.connector.CoyoteAdapter.service(CoyoteAdapter.java:360)
ERROR 2022-04-21 18:07:22[http-nio-8081-exec-2] [LogUtils:11] - org.apache.coyote.http11.Http11Processor.service(Http11Processor.java:399)
ERROR 2022-04-21 18:07:22[http-nio-8081-exec-2] [LogUtils:11] - org.apache.coyote.AbstractProcessorLight.process(AbstractProcessorLight.java:65)
ERROR 2022-04-21 18:07:22[http-nio-8081-exec-2] [LogUtils:11] - org.apache.coyote.AbstractProtocol$ConnectionHandler.process(AbstractProtocol.java:889)
ERROR 2022-04-21 18:07:22[http-nio-8081-exec-2] [LogUtils:11] - org.apache.tomcat.util.net.NioEndpoint$SocketProcessor.doRun(NioEndpoint.java:1743)
ERROR 2022-04-21 18:07:22[http-nio-8081-exec-2] [LogUtils:11] - org.apache.tomcat.util.net.SocketProcessorBase.run(SocketProcessorBase.java:49)
ERROR 2022-04-21 18:07:22[http-nio-8081-exec-2] [LogUtils:11] - org.apache.tomcat.util.threads.ThreadPoolExecutor.runWorker(ThreadPoolExecutor.java:1191)
ERROR 2022-04-21 18:07:22[http-nio-8081-exec-2] [LogUtils:11] - org.apache.tomcat.util.threads.ThreadPoolExecutor$Worker.run(ThreadPoolExecutor.java:659)
ERROR 2022-04-21 18:07:22[http-nio-8081-exec-2] [LogUtils:11] - org.apache.tomcat.util.threads.TaskThread$WrappingRunnable.run(TaskThread.java:61)
ERROR 2022-04-21 18:07:22[http-nio-8081-exec-2] [LogUtils:11] - java.base/java.lang.Thread.run(Thread.java:830)
ERROR 2022-04-21 18:08:32[http-nio-8081-exec-4] [LogUtils:8] - Error Message: null
ERROR 2022-04-21 18:08:32[http-nio-8081-exec-4] [LogUtils:11] - com.example.demo.service.MarketService.getMarketInfoWithRedisTemplate(MarketService.java:98)
ERROR 2022-04-21 18:08:32[http-nio-8081-exec-4] [LogUtils:11] - com.example.demo.controller.MarketController.getMarketInfoWithRedisTemplate(MarketController.java:37)
ERROR 2022-04-21 18:08:32[http-nio-8081-exec-4] [LogUtils:11] - java.base/jdk.internal.reflect.NativeMethodAccessorImpl.invoke0(Native Method)
ERROR 2022-04-21 18:08:32[http-nio-8081-exec-4] [LogUtils:11] - java.base/jdk.internal.reflect.NativeMethodAccessorImpl.invoke(NativeMethodAccessorImpl.java:62)
ERROR 2022-04-21 18:08:32[http-nio-8081-exec-4] [LogUtils:11] - java.base/jdk.internal.reflect.DelegatingMethodAccessorImpl.invoke(DelegatingMethodAccessorImpl.java:43)
ERROR 2022-04-21 18:08:32[http-nio-8081-exec-4] [LogUtils:11] - java.base/java.lang.reflect.Method.invoke(Method.java:567)
ERROR 2022-04-21 18:08:32[http-nio-8081-exec-4] [LogUtils:11] - org.springframework.web.method.support.InvocableHandlerMethod.doInvoke(InvocableHandlerMethod.java:205)
ERROR 2022-04-21 18:08:32[http-nio-8081-exec-4] [LogUtils:11] - org.springframework.web.method.support.InvocableHandlerMethod.invokeForRequest(InvocableHandlerMethod.java:150)
ERROR 2022-04-21 18:08:32[http-nio-8081-exec-4] [LogUtils:11] - org.springframework.web.servlet.mvc.method.annotation.ServletInvocableHandlerMethod.invokeAndHandle(ServletInvocableHandlerMethod.java:117)
ERROR 2022-04-21 18:08:32[http-nio-8081-exec-4] [LogUtils:11] - org.springframework.web.servlet.mvc.method.annotation.RequestMappingHandlerAdapter.invokeHandlerMethod(RequestMappingHandlerAdapter.java:895)
ERROR 2022-04-21 18:08:32[http-nio-8081-exec-4] [LogUtils:11] - org.springframework.web.servlet.mvc.method.annotation.RequestMappingHandlerAdapter.handleInternal(RequestMappingHandlerAdapter.java:808)
ERROR 2022-04-21 18:08:32[http-nio-8081-exec-4] [LogUtils:11] - org.springframework.web.servlet.mvc.method.AbstractHandlerMethodAdapter.handle(AbstractHandlerMethodAdapter.java:87)
ERROR 2022-04-21 18:08:32[http-nio-8081-exec-4] [LogUtils:11] - org.springframework.web.servlet.DispatcherServlet.doDispatch(DispatcherServlet.java:1067)
ERROR 2022-04-21 18:08:32[http-nio-8081-exec-4] [LogUtils:11] - org.springframework.web.servlet.DispatcherServlet.doService(DispatcherServlet.java:963)
ERROR 2022-04-21 18:08:32[http-nio-8081-exec-4] [LogUtils:11] - org.springframework.web.servlet.FrameworkServlet.processRequest(FrameworkServlet.java:1006)
ERROR 2022-04-21 18:08:32[http-nio-8081-exec-4] [LogUtils:11] - org.springframework.web.servlet.FrameworkServlet.doGet(FrameworkServlet.java:898)
ERROR 2022-04-21 18:08:32[http-nio-8081-exec-4] [LogUtils:11] - javax.servlet.http.HttpServlet.service(HttpServlet.java:655)
ERROR 2022-04-21 18:08:32[http-nio-8081-exec-4] [LogUtils:11] - org.springframework.web.servlet.FrameworkServlet.service(FrameworkServlet.java:883)
ERROR 2022-04-21 18:08:32[http-nio-8081-exec-4] [LogUtils:11] - javax.servlet.http.HttpServlet.service(HttpServlet.java:764)
ERROR 2022-04-21 18:08:32[http-nio-8081-exec-4] [LogUtils:11] - org.apache.catalina.core.ApplicationFilterChain.internalDoFilter(ApplicationFilterChain.java:227)
ERROR 2022-04-21 18:08:32[http-nio-8081-exec-4] [LogUtils:11] - org.apache.catalina.core.ApplicationFilterChain.doFilter(ApplicationFilterChain.java:162)
ERROR 2022-04-21 18:08:32[http-nio-8081-exec-4] [LogUtils:11] - org.apache.tomcat.websocket.server.WsFilter.doFilter(WsFilter.java:53)
ERROR 2022-04-21 18:08:32[http-nio-8081-exec-4] [LogUtils:11] - org.apache.catalina.core.ApplicationFilterChain.internalDoFilter(ApplicationFilterChain.java:189)
ERROR 2022-04-21 18:08:32[http-nio-8081-exec-4] [LogUtils:11] - org.apache.catalina.core.ApplicationFilterChain.doFilter(ApplicationFilterChain.java:162)
ERROR 2022-04-21 18:08:32[http-nio-8081-exec-4] [LogUtils:11] - org.springframework.web.filter.RequestContextFilter.doFilterInternal(RequestContextFilter.java:100)
ERROR 2022-04-21 18:08:32[http-nio-8081-exec-4] [LogUtils:11] - org.springframework.web.filter.OncePerRequestFilter.doFilter(OncePerRequestFilter.java:117)
ERROR 2022-04-21 18:08:32[http-nio-8081-exec-4] [LogUtils:11] - org.apache.catalina.core.ApplicationFilterChain.internalDoFilter(ApplicationFilterChain.java:189)
ERROR 2022-04-21 18:08:32[http-nio-8081-exec-4] [LogUtils:11] - org.apache.catalina.core.ApplicationFilterChain.doFilter(ApplicationFilterChain.java:162)
ERROR 2022-04-21 18:08:32[http-nio-8081-exec-4] [LogUtils:11] - org.springframework.web.filter.FormContentFilter.doFilterInternal(FormContentFilter.java:93)
ERROR 2022-04-21 18:08:32[http-nio-8081-exec-4] [LogUtils:11] - org.springframework.web.filter.OncePerRequestFilter.doFilter(OncePerRequestFilter.java:117)
ERROR 2022-04-21 18:08:32[http-nio-8081-exec-4] [LogUtils:11] - org.apache.catalina.core.ApplicationFilterChain.internalDoFilter(ApplicationFilterChain.java:189)
ERROR 2022-04-21 18:08:32[http-nio-8081-exec-4] [LogUtils:11] - org.apache.catalina.core.ApplicationFilterChain.doFilter(ApplicationFilterChain.java:162)
ERROR 2022-04-21 18:08:32[http-nio-8081-exec-4] [LogUtils:11] - org.springframework.web.filter.CharacterEncodingFilter.doFilterInternal(CharacterEncodingFilter.java:201)
ERROR 2022-04-21 18:08:32[http-nio-8081-exec-4] [LogUtils:11] - org.springframework.web.filter.OncePerRequestFilter.doFilter(OncePerRequestFilter.java:117)
ERROR 2022-04-21 18:08:32[http-nio-8081-exec-4] [LogUtils:11] - org.apache.catalina.core.ApplicationFilterChain.internalDoFilter(ApplicationFilterChain.java:189)
ERROR 2022-04-21 18:08:32[http-nio-8081-exec-4] [LogUtils:11] - org.apache.catalina.core.ApplicationFilterChain.doFilter(ApplicationFilterChain.java:162)
ERROR 2022-04-21 18:08:32[http-nio-8081-exec-4] [LogUtils:11] - org.apache.catalina.core.StandardWrapperValve.invoke(StandardWrapperValve.java:197)
ERROR 2022-04-21 18:08:32[http-nio-8081-exec-4] [LogUtils:11] - org.apache.catalina.core.StandardContextValve.invoke(StandardContextValve.java:97)
ERROR 2022-04-21 18:08:32[http-nio-8081-exec-4] [LogUtils:11] - org.apache.catalina.authenticator.AuthenticatorBase.invoke(AuthenticatorBase.java:541)
ERROR 2022-04-21 18:08:32[http-nio-8081-exec-4] [LogUtils:11] - org.apache.catalina.core.StandardHostValve.invoke(StandardHostValve.java:135)
ERROR 2022-04-21 18:08:32[http-nio-8081-exec-4] [LogUtils:11] - org.apache.catalina.valves.ErrorReportValve.invoke(ErrorReportValve.java:92)
ERROR 2022-04-21 18:08:32[http-nio-8081-exec-4] [LogUtils:11] - org.apache.catalina.core.StandardEngineValve.invoke(StandardEngineValve.java:78)
ERROR 2022-04-21 18:08:32[http-nio-8081-exec-4] [LogUtils:11] - org.apache.catalina.connector.CoyoteAdapter.service(CoyoteAdapter.java:360)
ERROR 2022-04-21 18:08:32[http-nio-8081-exec-4] [LogUtils:11] - org.apache.coyote.http11.Http11Processor.service(Http11Processor.java:399)
ERROR 2022-04-21 18:08:32[http-nio-8081-exec-4] [LogUtils:11] - org.apache.coyote.AbstractProcessorLight.process(AbstractProcessorLight.java:65)
ERROR 2022-04-21 18:08:32[http-nio-8081-exec-4] [LogUtils:11] - org.apache.coyote.AbstractProtocol$ConnectionHandler.process(AbstractProtocol.java:889)
ERROR 2022-04-21 18:08:32[http-nio-8081-exec-4] [LogUtils:11] - org.apache.tomcat.util.net.NioEndpoint$SocketProcessor.doRun(NioEndpoint.java:1743)
ERROR 2022-04-21 18:08:32[http-nio-8081-exec-4] [LogUtils:11] - org.apache.tomcat.util.net.SocketProcessorBase.run(SocketProcessorBase.java:49)
ERROR 2022-04-21 18:08:32[http-nio-8081-exec-4] [LogUtils:11] - org.apache.tomcat.util.threads.ThreadPoolExecutor.runWorker(ThreadPoolExecutor.java:1191)
ERROR 2022-04-21 18:08:32[http-nio-8081-exec-4] [LogUtils:11] - org.apache.tomcat.util.threads.ThreadPoolExecutor$Worker.run(ThreadPoolExecutor.java:659)
ERROR 2022-04-21 18:08:32[http-nio-8081-exec-4] [LogUtils:11] - org.apache.tomcat.util.threads.TaskThread$WrappingRunnable.run(TaskThread.java:61)
ERROR 2022-04-21 18:08:32[http-nio-8081-exec-4] [LogUtils:11] - java.base/java.lang.Thread.run(Thread.java:830)
